[INFO] Scanning for projects...
[WARNING] 
[WARNING] Some problems were encountered while building the effective model for de.unistuttgart.stayinsync:core-sync-node:jar:1.0.0-SNAPSHOT
[WARNING] 'dependencies.dependency.(groupId:artifactId:type:classifier)' must be unique: io.quarkus:quarkus-micrometer-registry-prometheus:jar -> duplicate declaration of version (?) @ line 137, column 21
[WARNING] 'dependencies.dependency.(groupId:artifactId:type:classifier)' must be unique: io.smallrye.reactive:smallrye-mutiny-vertx-web-client:jar -> version 3.19.1 vs (?) @ line 158, column 21
[WARNING] 
[WARNING] Some problems were encountered while building the effective model for de.unistuttgart:core-polling-node:jar:1.0.0-SNAPSHOT
[WARNING] 'dependencies.dependency.(groupId:artifactId:type:classifier)' must be unique: io.quarkus:quarkus-container-image-docker:jar -> duplicate declaration of version (?) @ line 115, column 21
[WARNING] 
[WARNING] It is highly recommended to fix these problems because they threaten the stability of your build.
[WARNING] 
[WARNING] For this reason, future Maven versions might no longer support building such malformed projects.
[WARNING] 
[INFO] 
[INFO] -------------< de.unistuttgart.stayinsync:core-management >-------------
[INFO] Building core-management 1.0.0-SNAPSHOT
[INFO]   from pom.xml
[INFO] --------------------------------[ jar ]---------------------------------
[INFO] 
[INFO] --- quarkus:3.21.4:dev (default-cli) @ core-management ---
[INFO] Invoking resources:3.3.1:resources (default-resources) @ core-management
[INFO] Copying 3 resources from src/main/resources to target/classes
[INFO] Invoking quarkus:3.21.4:generate-code (default) @ core-management
[INFO] Invoking compiler:3.14.0:compile (default-compile) @ core-management
[INFO] Recompiling the module because of changed source code.
[INFO] Compiling 167 source files with javac [debug parameters release 21] to target/classes
[WARNING] /Users/yasintuzen/StuPro/stay-in-sync-core/core-management/src/main/java/de/unistuttgart/stayinsync/core/configuration/mapping/ApiEndpointQueryParamValueMapper.java:[31,41] Unmapped target properties: "queryParamId, paramName, paramValue". Mapping from Collection element "ApiEndpointQueryParamValue apiEndpointQueryParamValue" to "ApiEndpointQueryParamValueDTO apiEndpointQueryParamValueDTO".
[WARNING] /Users/yasintuzen/StuPro/stay-in-sync-core/core-management/src/main/java/de/unistuttgart/stayinsync/core/configuration/mapping/SourceSystemApiRequestConfigurationFullUpdateMapper.java:[20,35] Unmapped target property: "name".
[WARNING] /Users/yasintuzen/StuPro/stay-in-sync-core/core-management/src/main/java/de/unistuttgart/stayinsync/core/configuration/mapping/SourceSystemApiRequestConfigurationFullUpdateMapper.java:[33,41] Unmapped target properties: "id, alias, syncSystemEndpoint, queryParameterValues, apiRequestHeaders, transformations, sourceSystem, sourceSystemEndpoint, responseDts, deploymentStatus, workerPodName, responseIsArray".
[WARNING] /Users/yasintuzen/StuPro/stay-in-sync-core/core-management/src/main/java/de/unistuttgart/stayinsync/core/configuration/mapping/SourceSystemApiRequestConfigurationFullUpdateMapper.java:[38,32] Unmapped target properties: "headerType, headerName, values". Mapping from Collection element "ApiHeaderValue apiRequestHeaders" to "ApiHeaderDTO apiRequestHeaders".
[WARNING] /Users/yasintuzen/StuPro/stay-in-sync-core/core-management/src/main/java/de/unistuttgart/stayinsync/core/configuration/mapping/SourceSystemApiRequestConfigurationFullUpdateMapper.java:[38,32] Unmapped target property: "apiRequestParameters".
[WARNING] /Users/yasintuzen/StuPro/stay-in-sync-core/core-management/src/main/java/de/unistuttgart/stayinsync/core/configuration/mapping/SourceSystemApiRequestConfigurationFullUpdateMapper.java:[52,41] Unmapped target properties: "deploymentStatus, workerPodName, responseIsArray".
[WARNING] /Users/yasintuzen/StuPro/stay-in-sync-core/core-management/src/main/java/de/unistuttgart/stayinsync/core/configuration/mapping/SourceSystemApiRequestConfigurationFullUpdateMapper.java:[60,29] Unmapped target properties: "headerName, headerValue". Mapping from Collection element "ApiHeaderValue apiRequestHeaders" to "ApiRequestHeaderMessageDTO requestHeader".
[WARNING] /Users/yasintuzen/StuPro/stay-in-sync-core/core-management/src/main/java/de/unistuttgart/stayinsync/core/configuration/mapping/SourceSystemApiRequestConfigurationFullUpdateMapper.java:[60,29] Unmapped target property: "authDetails". Mapping from property "SourceSystem sourceSystem" to "SourceSystemMessageDTO sourceSystem".
[WARNING] /Users/yasintuzen/StuPro/stay-in-sync-core/core-management/src/main/java/de/unistuttgart/stayinsync/core/configuration/mapping/TargetSystemEndpointFullUpdateMapper.java:[25,26] Unmapped target properties: "queryParams, apiRequestConfiguration, syncSystem, apiQueryParams, apiRequestHeaders, targetSystemVariable, targetSystem, asset".
[WARNING] /Users/yasintuzen/StuPro/stay-in-sync-core/core-management/src/main/java/de/unistuttgart/stayinsync/core/configuration/mapping/TargetSystemEndpointFullUpdateMapper.java:[29,26] Unmapped target properties: "id, jsonSchema, responseDts, description, queryParams, apiRequestConfiguration, syncSystem, apiQueryParams, apiRequestHeaders, targetSystemVariable, targetSystem, asset".
[WARNING] /Users/yasintuzen/StuPro/stay-in-sync-core/core-management/src/main/java/de/unistuttgart/stayinsync/core/configuration/mapping/SourceSystemEndpointFullUpdateMapper.java:[37,26] Unmapped target properties: "jsonSchema, description, queryParams, apiRequestConfiguration, syncSystem, sourceSystem, apiRequestConfigurations, sourceSystemVariable".
[WARNING] /Users/yasintuzen/StuPro/stay-in-sync-core/core-management/src/main/java/de/unistuttgart/stayinsync/core/configuration/mapping/SourceSystemEndpointFullUpdateMapper.java:[43,26] Unmapped target properties: "id, jsonSchema, responseDts, description, queryParams, apiRequestConfiguration, syncSystem, sourceSystem, apiRequestConfigurations, sourceSystemVariable".
[WARNING] /Users/yasintuzen/StuPro/stay-in-sync-core/core-management/src/main/java/de/unistuttgart/stayinsync/core/configuration/mapping/targetsystem/RequestConfigurationMapper.java:[29,41] Unmapped target properties: "active, transformations".
[WARNING] /Users/yasintuzen/StuPro/stay-in-sync-core/core-management/src/main/java/de/unistuttgart/stayinsync/core/configuration/mapping/targetsystem/RequestConfigurationMapper.java:[54,36] Unmapped target properties: "httpMethod, path". Mapping from Collection element "TargetSystemApiRequestConfigurationAction actions" to "ActionMessageDTO actions".
[WARNING] /Users/yasintuzen/StuPro/stay-in-sync-core/core-management/src/main/java/de/unistuttgart/stayinsync/core/configuration/mapping/targetsystem/RequestConfigurationMapper.java:[54,36] Unmapped target property: "baseUrl".
[WARNING] /Users/yasintuzen/StuPro/stay-in-sync-core/core-management/src/main/java/de/unistuttgart/stayinsync/core/configuration/mapping/ApiHeaderValueMapper.java:[31,23] Unmapped target properties: "headerValue, headerName".
[WARNING] /Users/yasintuzen/StuPro/stay-in-sync-core/core-management/src/main/java/de/unistuttgart/stayinsync/core/configuration/mapping/TransformationScriptMapper.java:[13,29] Unmapped target properties: "requiredArcAliases, targetArcIds".
[WARNING] /Users/yasintuzen/StuPro/stay-in-sync-core/core-management/src/main/java/de/unistuttgart/stayinsync/core/configuration/mapping/TransformationScriptMapper.java:[15,26] Unmapped target properties: "hash, generatedSdkCode, generatedSdkHash, transformation".
[WARNING] /Users/yasintuzen/StuPro/stay-in-sync-core/core-management/src/main/java/de/unistuttgart/stayinsync/core/configuration/mapping/SyncJobFullUpdateMapper.java:[31,23] Unmapped target property: "deployed".
[WARNING] /Users/yasintuzen/StuPro/stay-in-sync-core/core-management/src/main/java/de/unistuttgart/stayinsync/core/configuration/mapping/SyncJobFullUpdateMapper.java:[37,13] Unmapped target properties: "transformation, description, graphStatus, validationErrorsJson, graph". Mapping from property "SyncJobTransformationRuleDTO transformations[].transformationRule" to "TransformationRule transformations[].transformationRule".
[WARNING] /Users/yasintuzen/StuPro/stay-in-sync-core/core-management/src/main/java/de/unistuttgart/stayinsync/core/configuration/mapping/SyncJobFullUpdateMapper.java:[37,13] Unmapped target properties: "description, syncJob, transformationScript, workerHostName, sourceSystemApiRequestConfigurations, sourceSystemVariables, targetSystemApiRequestConfigurations". Mapping from Collection element "SyncJobTransformationDTO transformations" to "Transformation transformations".
[WARNING] /Users/yasintuzen/StuPro/stay-in-sync-core/core-management/src/main/java/de/unistuttgart/stayinsync/core/configuration/mapping/SyncJobFullUpdateMapper.java:[41,13] Unmapped target properties: "syncNodeIdentifier, transformations".
[WARNING] /Users/yasintuzen/StuPro/stay-in-sync-core/core-management/src/main/java/de/unistuttgart/stayinsync/core/configuration/mapping/ApiHeaderFullUpdateMapper.java:[27,15] Unmapped target properties: "id, values, syncSystem".
[WARNING] /Users/yasintuzen/StuPro/stay-in-sync-core/core-management/src/main/java/de/unistuttgart/stayinsync/core/configuration/mapping/SourceSystemFullUpdateMapper.java:[24,18] Unmapped target properties: "syncSystemEndpoints, authConfig".
[WARNING] /Users/yasintuzen/StuPro/stay-in-sync-core/core-management/src/main/java/de/unistuttgart/stayinsync/core/configuration/mapping/SourceSystemFullUpdateMapper.java:[30,18] Unmapped target properties: "syncSystemEndpoints, sourceSystemEndpoints".
[WARNING] /Users/yasintuzen/StuPro/stay-in-sync-core/core-management/src/main/java/de/unistuttgart/stayinsync/core/configuration/mapping/TransformationMapper.java:[63,10] Unmapped target properties: "deploymentStatus, workerHostName, sourceSystemApiRequestConfigurations, targetSystemApiRequestConfigurations".
[WARNING] /Users/yasintuzen/StuPro/stay-in-sync-core/core-management/src/main/java/de/unistuttgart/stayinsync/core/configuration/mapping/targetsystem/TargetSystemMapper.java:[16,18] Unmapped target properties: "syncSystemEndpoints, authConfig".
[WARNING] /Users/yasintuzen/StuPro/stay-in-sync-core/core-management/src/main/java/de/unistuttgart/stayinsync/core/configuration/mapping/targetsystem/TargetSystemMapper.java:[20,21] Unmapped target property: "targetSystemEndpointIds".
[WARNING] /Users/yasintuzen/StuPro/stay-in-sync-core/core-management/src/main/java/de/unistuttgart/stayinsync/core/configuration/mapping/targetsystem/TargetSystemMapper.java:[25,10] Unmapped target properties: "syncSystemEndpoints, authConfig".
[INFO] /Users/yasintuzen/StuPro/stay-in-sync-core/core-management/src/main/java/de/unistuttgart/stayinsync/core/configuration/rest/dtos/TypeScriptGenerationResponse.java: /Users/yasintuzen/StuPro/stay-in-sync-core/core-management/src/main/java/de/unistuttgart/stayinsync/core/configuration/rest/dtos/TypeScriptGenerationResponse.java uses or overrides a deprecated API.
[INFO] /Users/yasintuzen/StuPro/stay-in-sync-core/core-management/src/main/java/de/unistuttgart/stayinsync/core/configuration/rest/dtos/TypeScriptGenerationResponse.java: Recompile with -Xlint:deprecation for details.
[INFO] Invoking resources:3.3.1:testResources (default-testResources) @ core-management
[INFO] Copying 3 resources from src/test/resources to target/test-classes
[INFO] Invoking quarkus:3.21.4:generate-code-tests (default) @ core-management
[INFO] Invoking compiler:3.14.0:testCompile (default-testCompile) @ core-management
[INFO] Recompiling the module because of changed dependency.
[INFO] Compiling 22 source files with javac [debug parameters release 21] to target/test-classes
[INFO] /Users/yasintuzen/StuPro/stay-in-sync-core/core-management/src/test/java/de/unistuttgart/stayinsync/core/configuration/service/aas/AasStructureSnapshotServiceAttachTest.java: /Users/yasintuzen/StuPro/stay-in-sync-core/core-management/src/test/java/de/unistuttgart/stayinsync/core/configuration/service/aas/AasStructureSnapshotServiceAttachTest.java uses unchecked or unsafe operations.
[INFO] /Users/yasintuzen/StuPro/stay-in-sync-core/core-management/src/test/java/de/unistuttgart/stayinsync/core/configuration/service/aas/AasStructureSnapshotServiceAttachTest.java: Recompile with -Xlint:unchecked for details.
Listening for transport dt_socket at address: 5005
Press [e] to edit command line args (currently ''), [h] for more options>
Tests paused
Press [e] to edit command line args (currently ''), [r] to resume testing, [h] for more options>
Press [e] to edit command line args (currently ''), [r] to resume testing, [o] Toggle test output, [h] for more options>
2025-09-29 17:02:09,578 INFO  [io.qua.qui.dep.fra.FrameworkType] (build-66) Quinoa detected 'ANGULAR' frameworkType from package.json file.
2025-09-29 17:02:09,717 INFO  [io.qua.qui.dep.pac.PackageManagerRunner] (build-76) Running Quinoa package manager live coding as a dev service: npm run start -- --disable-host-check --hmr

> configurator-ui@0.0.0 start
> ng serve --disable-host-check --hmr

2025-09-29 17:02:09,907 INFO  [io.qua.kub.dep.PropertyUtil] (build-56) Kubernetes manifests are generated with 'The container port http' having provided value '8090'. The app and manifests will get out of sync if the property 'quarkus.http.port' is changed at runtime.
2025-09-29 17:02:10,239 INFO  [io.qua.qui.dep.ForwardedDevProcessor] (build-76) Quinoa package manager live coding is up and running on port: 4200 (in 523ms)
2025-09-29 17:02:10,247 INFO  [io.qua.qui.dep.ForwardedDevProcessor] (build-15) Quinoa is forwarding unhandled requests to port: 4200
Warning: Running a server with --disable-host-check is a security risk. See https://medium.com/webpack/webpack-dev-server-middleware-security-issues-1489d950874a for more information.
 Port 4200 is already in use.
__  ____  __  _____   ___  __ ____  ______ 
 --/ __ \/ / / / _ | / _ \/ //_/ / / / __/ 
 -/ /_/ / /_/ / __ |/ , _/ ,< / /_/ /\ \   
--\___\_\____/_/ |_/_/|_/_/|_|\____/___/   
2025-09-29 17:02:11,592 WARN  [io.qua.config] (Quarkus Main Thread) Unrecognized configuration key "quarkus.kubernetes.ingress.path" was provided; it will be ignored; verify that the dependency extension for this configuration is set or that you did not make a typo
2025-09-29 17:02:17,274 INFO  [de.uni.sta.cor.man.rab.pro.PollingJobMessageProducer] (Quarkus Main Thread) Opening rabbitMQ channel
2025-09-29 17:02:17,325 INFO  [de.uni.sta.cor.man.rab.con.DeploymentFeedbackConsumer] (Quarkus Main Thread) Opening rabbitMQ channel
2025-09-29 17:02:17,342 INFO  [de.uni.sta.cor.man.rab.pro.TransformationJobMessageProducer] (Quarkus Main Thread) Opening rabbitMQ channel
2025-09-29 17:02:17,351 INFO  [de.uni.sta.cor.man.rab.con.DeadLetterConsumer] (Quarkus Main Thread) Opening rabbitMQ channel
2025-09-29 17:02:17,398 INFO  [io.quarkus] (Quarkus Main Thread) core-management 1.0.0-SNAPSHOT on JVM (powered by Quarkus 3.21.4) started in 8.518s. Listening on: http://localhost:8090
2025-09-29 17:02:17,398 INFO  [io.quarkus] (Quarkus Main Thread) Profile dev activated. Live Coding activated.
2025-09-29 17:02:17,398 INFO  [io.quarkus] (Quarkus Main Thread) Installed features: [agroal, cache, cdi, hibernate-orm, hibernate-orm-panache, hibernate-validator, jdbc-mariadb, kubernetes, messaging, micrometer, narayana-jta, quinoa, rabbitmq-client, rest, rest-jackson, smallrye-context-propagation, smallrye-health, smallrye-openapi, swagger-ui, vertx]
Debugger failed to attach: handshake failed - connection prematurally closed
2025-09-29 17:06:22,749 INFO  [io.qua.qui.QuinoaDevWebSocketProxyHandler] (vert.x-eventloop-thread-3) Quinoa Dev WebSocket Client Connected: [0:0:0:0:0:0:0:1]:4200/?token=kjBiT8cpuAwn
2025-09-29 17:06:22,968 WARN  [io.mic.cor.ins.int.OnlyOnceLoggingDenyMeterFilter] (vert.x-eventloop-thread-4) Reached the maximum number (100) of URI tags for 'http.server.requests'. Are you using path parameters?
2025-09-29 17:06:23,181 INFO  [io.qua.dep.dev.RuntimeUpdatesProcessor] (vert.x-worker-thread-1) Restarting quarkus due to changes in ArcTestService.class, ApiRequestConfiguration.class, SourceSystemAasService.class, ApiEndpointQueryParamValueMapperImpl.class, GraphMapper$MappingResult.class, UpdateTransformationRequestConfigurationDTO.class, SourceSystemService.class, ApiHeaderValue.class, GetActionDTO.class, SyncJobResource.class, SyncJob.class, TargetAasResource.class, SubmodelElementNodeDTO$VariableDTO.class, GraphTopologicalSorter$SortResult.class, TargetSystemMapperImpl.class, ApiEndpointQueryParamResource.class, SourceSystemEndpointResource.class, TypeScriptTypeGenerator.class, SyncJobFullUpdateMapper.class, SourceSystemEndpointFullUpdateMapper.class, OperatorMetadataService$1.class, ApiRequestConfigurationService.class, TargetSystemApiRequestConfigurationService$1.class, PollingJobMessageProducer.class, GraphMapper.class, TransformationRuleMapper.class, EDC.class, TargetDtsBuilderGeneratorService.class, AuthConfigMapperImpl.class, TargetSystemApiRequestConfigurationService.class, ActionMapper.class, SyncSystemAuthConfig.class, CoreManagementWebException$ErrorResponse.class, TypeScriptGenerationRequest.class, SourceSystemApiRequestConfigurationService$1.class, SyncJobService.class, GraphStorageService$PersistenceResult.class, DevelopmentDataSeeder.class, SourceSystemRepository.class, TargetSystemEndpoint.class, ActionMapperImpl.class, ApiHeaderValueService.class, TargetSystemMapper.class, TransformationService.class, AasHttpClient.class, TransformationRuleMapperService.class, ApiHeaderFullUpdateMapperImpl.class, TransformationMapper.class, GraphTopologicalSorter.class, ApiEndpointQueryParamMapper.class, ApiHeaderValueMapper.class, PrometheusResource.class, SourceSystemEndpointService.class, HttpHeaderBuilder.class, ApiKeyAuthDTO.class, TransformationQueryParam$TransformationQueryParamBuilder.class, SubmodelSummaryDTO.class, GetRequestConfigurationDTO.class, ApiEndpointQueryParamMapperImpl.class, SourceSystemEndpointFullUpdateMapperImpl.class, TransformationRule.class, TransformationScriptService.class, TransformationScriptMapper.class, TargetSystemEndpointDTO.class, SourceSystemEndpointRepository.class, SyncSystem.class, SyncJobTransformationDTO.class, TransformationRuleMapperImpl.class, TargetSystemApiRequestHeader.class, SyncJobFullUpdateMapperImpl.class, TargetSystemEndpointService.class, ApiHeaderValueResource.class, CreateTargetSystemEndpointDTO.class, TargetSystemApiRequestConfiguration.class, OperatorMetadataDTO.class, TransformationRuleResource.class, MonitoringGraphSyncJobMapperImpl.class, SourceSystemApiRequestConfigurationService.class, ActionMessageMapperImpl.class, RequestConfigurationMapperImpl.class, GetTypeDefinitionsResponseDTO.class, GraphValidatorService.class, EDCAsset.class, TransformationRuleDTO.class, GetRequestConfigurationDTO.class, TransformationRuleService.class, ApiHeaderDTO.class, BasicAuthDTO.class, CreateApiHeaderDTO.class, EDCDataAddress.class, ApiHeaderService.class, CreateSourceArcDTO.class, TypeLibraryDTO.class, TargetSystemEndpointFullUpdateMapper.class, DevelopmentSeederResource.class, TransformationResource.class, SourceSystemResource.class, AasSubmodelLite.class, ApiHeaderValueMapperImpl.class, TargetSdkGeneratorService.class, TargetDtsBuilderGeneratorService$DtsGenerationContext.class, SourceSystemEndpoint.class, AasStructureSnapshotService$InvalidAasxException.class, SyncSystemEndpoint.class, ActionMessageMapper.class, OperatorMetadataService.class, TargetSystemDTO.class, CoreManagementExceptionMapper.class, TransformationShellDTO.class, OpenApiSpecificationParserService.class, TargetSystemApiRequestConfigurationResource.class, StructureExtractionException.class, RequestConfigurationResource.class, TransformationScriptMapperImpl.class, TargetSystem.class, SourceSystemApiRequestConfigurationFullUpdateMapperImpl.class, TransformationQueryParam.class, SyncSystemService.class, TransformationScriptDTO.class, CoreManagementException.class, HttpHeaderBuilder$Mode.class, TransformationStatusUpdate.class, SubmodelElementNodeDTO.class, BasicAuthConfig.class, DeploymentFeedbackConsumer.class, TargetSystemApiRequestConfigurationAction.class, ApiEndpointQueryParamValue.class, Transformation.class, TypeScriptGenerationResponse.class, ApiHeader.class, ApiKeyAuthConfig.class, SourceSystemEndpointDTO.class, CoreManagementWebException.class, TransformationAssemblyDTO.class, CoreManagementExceptionMapper$ErrorResponse.class, AasStructureSnapshotService.class, TargetSystemAasService.class, TargetSystemEndpointResource.class, SyncJobCreationDTO.class, CreateArcDTO.class, TargetSystemEndpointFullUpdateMapperImpl.class, EDCAccessPolicy.class, ApiEndpointQueryParamValueService.class, AasStructureSnapshotService$DuplicateIdException.class, ApiEndpointQueryParamValueMapperImpl$1.class, ArcTestRequestDTO.class, SourceSystemFullUpdateMapper.class, TransformationJobMessageProducer.class, RequestConfigurationMessageMapperImpl.class, SyncJobDTO.class, TransformationDetailsDTO.class, CreateRequestConfigurationDTO.class, Examples.class, AasResource.class, RequestConfigurationMapper.class, MonitoringGraphSyncJobMapper.class, AasSnapshot.class, TargetSystemVariable.class, ActionDefinitionDTO.class, RequestConfigurationMessageMapper.class, SourceSystemApiRequestConfigurationFullUpdateMapper.class, AuthConfigMapper$1.class, TargetSystemApiQueryParam.class, TargetSystemService.class, AasStructureSnapshotService$ZipJson.class, CreateSourceSystemEndpointDTO.class, TargetSystemResource.class, GraphStorageService.class, ApiHeaderValueDTO.class, SourceSystemFullUpdateMapperImpl.class, ApiHeaderFullUpdateMapper.class, TransformationMapperImpl.class, AuthConfigMapper.class, EDCProperty.class, CoreManagementException$ErrorResponse.class, ApiEndpointQueryParam.class, ApiAuthConfigurationDTO.class, AfterSeedRunner.class, ApiHeaderResource.class, ApiEndpointQueryParamValueResource.class, AasElementLite.class, TransformationScript.class, SyncJobTransformationRuleDTO.class, SourceSystemDTO.class, EDCAccessPolicyPermission.class, ArcTestResponseDTO.class, DeadLetterConsumer.class, LogicGraphEntity.class, SourceSystemVariable.class, OperatorMetadata.class, ApiEndpointQueryParamDTO.class, ApiEndpointQueryParamService.class, CreateSourceSystemDTO.class, TransformationRuleService$1.class, GraphCompilerService.class, ArcTestResource.class, ApiEndpointQueryParamValueMapper.class, SourceSystem.class, SyncJobPartialUpdateMapperImpl.class, TransformationService$1.class, AasTraversalClient.class, ApiEndpointQueryParamValueDTO.class, SyncJobPartialUpdateMapper.class, TransformationScriptResource.class, SourceSystemApiRequestConfiguration.class, AasTestResultDTO.class.
2025-09-29 17:06:23,188 INFO  [io.qua.qui.QuinoaDevWebSocketProxyHandler] (vert.x-eventloop-thread-4) Quinoa Dev WebSocket Client Connected: [0:0:0:0:0:0:0:1]:4200/
2025-09-29 17:06:23,189 ERROR [io.qua.ver.cor.run.VertxCoreRecorder] (vert.x-eventloop-thread-4) Uncaught exception received by Vert.x [Error Occurred After Shutdown]: java.lang.IllegalStateException: WebSocket is closed
	at io.vertx.core.http.impl.WebSocketImplBase.checkClosed(WebSocketImplBase.java:461)
	at io.vertx.core.http.impl.WebSocketImplBase.textMessageHandler(WebSocketImplBase.java:693)
	at io.vertx.ext.web.impl.ServerWebSocketWrapper.textMessageHandler(ServerWebSocketWrapper.java:227)
	at io.quarkiverse.quinoa.QuinoaDevWebSocketProxyHandler.lambda$handle$7(QuinoaDevWebSocketProxyHandler.java:85)
	at io.vertx.core.http.impl.HttpClientBase.lambda$webSocket$1(HttpClientBase.java:170)
	at io.vertx.core.impl.future.FutureImpl$4.onSuccess(FutureImpl.java:176)
	at io.vertx.core.impl.future.FutureBase.emitSuccess(FutureBase.java:66)
	at io.vertx.core.impl.future.FutureImpl.tryComplete(FutureImpl.java:259)
	at io.vertx.core.impl.future.PromiseImpl.onSuccess(PromiseImpl.java:49)
	at io.vertx.core.impl.future.PromiseImpl.handle(PromiseImpl.java:41)
	at io.vertx.core.http.impl.Http1xClientConnection.lambda$null$7(Http1xClientConnection.java:1047)
	at io.vertx.core.impl.ContextImpl.emit(ContextImpl.java:342)
	at io.vertx.core.impl.DuplicatedContext.emit(DuplicatedContext.java:163)
	at io.vertx.core.http.impl.Http1xClientConnection.lambda$toWebSocket$8(Http1xClientConnection.java:1046)
	at io.vertx.core.http.impl.WebSocketHandshakeInboundHandler.lambda$handshakeComplete$0(WebSocketHandshakeInboundHandler.java:117)
	at io.netty.util.concurrent.DefaultPromise.notifyListener0(DefaultPromise.java:590)
	at io.netty.util.concurrent.DefaultPromise.notifyListenersNow(DefaultPromise.java:557)
	at io.netty.util.concurrent.DefaultPromise.notifyListeners(DefaultPromise.java:492)
	at io.netty.util.concurrent.DefaultPromise.addListener(DefaultPromise.java:185)
	at io.netty.channel.DefaultChannelPromise.addListener(DefaultChannelPromise.java:95)
	at io.netty.channel.DefaultChannelPromise.addListener(DefaultChannelPromise.java:30)
	at io.vertx.core.http.impl.WebSocketHandshakeInboundHandler.handshakeComplete(WebSocketHandshakeInboundHandler.java:105)
	at io.vertx.core.http.impl.WebSocketHandshakeInboundHandler.channelRead(WebSocketHandshakeInboundHandler.java:84)
	at io.netty.channel.AbstractChannelHandlerContext.invokeChannelRead(AbstractChannelHandlerContext.java:444)
	at io.netty.channel.AbstractChannelHandlerContext.invokeChannelRead(AbstractChannelHandlerContext.java:420)
	at io.netty.channel.AbstractChannelHandlerContext.fireChannelRead(AbstractChannelHandlerContext.java:412)
	at io.netty.channel.CombinedChannelDuplexHandler$DelegatingChannelHandlerContext.fireChannelRead(CombinedChannelDuplexHandler.java:436)
	at io.netty.handler.codec.ByteToMessageDecoder.fireChannelRead(ByteToMessageDecoder.java:346)
	at io.netty.handler.codec.ByteToMessageDecoder.fireChannelRead(ByteToMessageDecoder.java:333)
	at io.netty.handler.codec.ByteToMessageDecoder.callDecode(ByteToMessageDecoder.java:455)
	at io.netty.handler.codec.ByteToMessageDecoder.channelRead(ByteToMessageDecoder.java:290)
	at io.netty.channel.CombinedChannelDuplexHandler.channelRead(CombinedChannelDuplexHandler.java:251)
	at io.netty.channel.AbstractChannelHandlerContext.invokeChannelRead(AbstractChannelHandlerContext.java:442)
	at io.netty.channel.AbstractChannelHandlerContext.invokeChannelRead(AbstractChannelHandlerContext.java:420)
	at io.netty.channel.AbstractChannelHandlerContext.fireChannelRead(AbstractChannelHandlerContext.java:412)
	at io.netty.channel.DefaultChannelPipeline$HeadContext.channelRead(DefaultChannelPipeline.java:1357)
	at io.netty.channel.AbstractChannelHandlerContext.invokeChannelRead(AbstractChannelHandlerContext.java:440)
	at io.netty.channel.AbstractChannelHandlerContext.invokeChannelRead(AbstractChannelHandlerContext.java:420)
	at io.netty.channel.DefaultChannelPipeline.fireChannelRead(DefaultChannelPipeline.java:868)
	at io.netty.channel.nio.AbstractNioByteChannel$NioByteUnsafe.read(AbstractNioByteChannel.java:166)
	at io.netty.channel.nio.NioEventLoop.processSelectedKey(NioEventLoop.java:796)
	at io.netty.channel.nio.NioEventLoop.processSelectedKeysOptimized(NioEventLoop.java:732)
	at io.netty.channel.nio.NioEventLoop.processSelectedKeys(NioEventLoop.java:658)
	at io.netty.channel.nio.NioEventLoop.run(NioEventLoop.java:562)
	at io.netty.util.concurrent.SingleThreadEventExecutor$4.run(SingleThreadEventExecutor.java:998)
	at io.netty.util.internal.ThreadExecutorMap$2.run(ThreadExecutorMap.java:74)
	at io.netty.util.concurrent.FastThreadLocalRunnable.run(FastThreadLocalRunnable.java:30)
	at java.base/java.lang.Thread.run(Thread.java:1583)

2025-09-29 17:06:23,215 INFO  [io.quarkus] (Quarkus Main Thread) core-management stopped in 0.031s
2025-09-29 17:06:23,275 WARN  [io.qua.ver.htt.run.QuarkusErrorHandler] (vert.x-eventloop-thread-4) Worker thread pool exhaustion, no more worker threads available - returning a `503 - SERVICE UNAVAILABLE` response.
2025-09-29 17:06:23,412 INFO  [io.qua.qui.dep.fra.FrameworkType] (build-17) Quinoa detected 'ANGULAR' frameworkType from package.json file.
2025-09-29 17:06:23,666 INFO  [io.qua.qui.dep.ForwardedDevProcessor] (build-23) Quinoa is forwarding unhandled requests to port: 4200
2025-09-29 17:06:23,668 INFO  [io.qua.qui.QuinoaDevWebSocketProxyHandler] (vert.x-eventloop-thread-3) Quinoa Dev WebSocket Client Connected: [0:0:0:0:0:0:0:1]:4200/
2025-09-29 17:06:23,868 INFO  [io.qua.qui.QuinoaDevWebSocketProxyHandler] (vert.x-eventloop-thread-4) Quinoa Dev WebSocket Client Connected: [0:0:0:0:0:0:0:1]:4200/?token=kjBiT8cpuAwn
__  ____  __  _____   ___  __ ____  ______ 
 --/ __ \/ / / / _ | / _ \/ //_/ / / / __/ 
 -/ /_/ / /_/ / __ |/ , _/ ,< / /_/ /\ \   
--\___\_\____/_/ |_/_/|_/_/|_|\____/___/   
2025-09-29 17:06:24,749 WARN  [io.qua.config] (Quarkus Main Thread) Unrecognized configuration key "quarkus.kubernetes.ingress.path" was provided; it will be ignored; verify that the dependency extension for this configuration is set or that you did not make a typo
2025-09-29 17:06:25,156 INFO  [io.qua.qui.QuinoaDevWebSocketProxyHandler] (vert.x-eventloop-thread-3) Quinoa Dev WebSocket Client Connected: [0:0:0:0:0:0:0:1]:4200/?token=kjBiT8cpuAwn
2025-09-29 17:06:25,630 WARN  [io.qua.ver.htt.run.QuarkusErrorHandler] (vert.x-eventloop-thread-4) Worker thread pool exhaustion, no more worker threads available - returning a `503 - SERVICE UNAVAILABLE` response.
2025-09-29 17:06:30,290 INFO  [de.uni.sta.cor.man.rab.pro.TransformationJobMessageProducer] (Quarkus Main Thread) Opening rabbitMQ channel
2025-09-29 17:06:30,312 INFO  [de.uni.sta.cor.man.rab.con.DeploymentFeedbackConsumer] (Quarkus Main Thread) Opening rabbitMQ channel
2025-09-29 17:06:30,323 INFO  [de.uni.sta.cor.man.rab.con.DeadLetterConsumer] (Quarkus Main Thread) Opening rabbitMQ channel
2025-09-29 17:06:30,333 INFO  [de.uni.sta.cor.man.rab.pro.PollingJobMessageProducer] (Quarkus Main Thread) Opening rabbitMQ channel
2025-09-29 17:06:30,339 INFO  [io.quarkus] (Quarkus Main Thread) core-management 1.0.0-SNAPSHOT on JVM (powered by Quarkus 3.21.4) started in 7.123s. Listening on: http://localhost:8090
2025-09-29 17:06:30,339 INFO  [io.quarkus] (Quarkus Main Thread) Profile dev activated. Live Coding activated.
2025-09-29 17:06:30,340 INFO  [io.quarkus] (Quarkus Main Thread) Installed features: [agroal, cache, cdi, hibernate-orm, hibernate-orm-panache, hibernate-validator, jdbc-mariadb, kubernetes, messaging, micrometer, narayana-jta, quinoa, rabbitmq-client, rest, rest-jackson, smallrye-context-propagation, smallrye-health, smallrye-openapi, swagger-ui, vertx]
2025-09-29 17:06:30,340 INFO  [io.qua.dep.dev.RuntimeUpdatesProcessor] (vert.x-worker-thread-1) Live reload total time: 8.315s 
2025-09-29 17:06:30,340 INFO  [io.qua.dep.dev.RuntimeUpdatesProcessor] (vert.x-worker-thread-1) Live reload took more than 4 seconds, you may want to enable instrumentation based reload (quarkus.live-reload.instrumentation=true). This allows small changes to take effect without restarting Quarkus.
2025-09-29 17:06:30,376 INFO  [io.qua.qui.QuinoaDevWebSocketProxyHandler] (vert.x-eventloop-thread-4) Quinoa Dev WebSocket Client Connected: [0:0:0:0:0:0:0:1]:4200/
2025-09-29 17:06:30,792 INFO  [io.qua.qui.QuinoaDevWebSocketProxyHandler] (vert.x-eventloop-thread-3) Quinoa Dev WebSocket Client Connected: [0:0:0:0:0:0:0:1]:4200/?token=kjBiT8cpuAwn
[INFO] ------------------------------------------------------------------------
[INFO] BUILD FAILURE
[INFO] ------------------------------------------------------------------------
[INFO] Total time:  04:50 min
[INFO] Finished at: 2025-09-29T17:06:52+02:00
[INFO] ------------------------------------------------------------------------
[ERROR] Failed to execute goal io.quarkus.platform:quarkus-maven-plugin:3.21.4:dev (default-cli) on project core-management: Failed to run: Dev mode process did not complete successfully -> [Help 1]
[ERROR] 
[ERROR] To see the full stack trace of the errors, re-run Maven with the -e switch.
[ERROR] Re-run Maven using the -X switch to enable full debug logging.
[ERROR] 
[ERROR] For more information about the errors and possible solutions, please read the following articles:
[ERROR] [Help 1] http://cwiki.apache.org/confluence/display/MAVEN/MojoFailureException
